make all --print-data-base --no-builtin-variables --no-builtin-rules --question
# GNU Make 3.81
# Copyright (C) 2006  Free Software Foundation, Inc.
# This is free software; see the source for copying conditions.
# There is NO warranty; not even for MERCHANTABILITY or FITNESS FOR A
# PARTICULAR PURPOSE.

# This program built for i386-apple-darwin11.3.0
 

# Make data base, printed on Mon Jul 17 09:27:07 2023

# Variables

# automatic
<D = $(patsubst %/,%,$(dir $<))
# automatic
?F = $(notdir $?)
# makefile (from `Makefile', line 38)
HPRE = $(addsuffix ./headers/, $(H_FILES))
# environment
VSCODE_CRASH_REPORTER_PROCESS_TYPE = extensionHost
# automatic
 
?D = $(patsubst %/,%,$(dir $?))
# automatic
@D = $(patsubst %/,%,$(dir $@))
# automatic
@F = $(notdir $@)
# makefile
CURDIR := /Users/yoonslee/Desktop/minishell
# makefile
SHELL = /bin/sh
# environment
VSCODE_NLS_CONFIG = {"locale":"en-us","osLocale":"en","availableLanguages":{},"_languagePackSupport":true}
# environment
_ = /usr/bin/make
# makefile (from `Makefile', line 1)
MAKEFILE_LIST :=  Makefile
# makefile (from `Makefile', line 41)
.PHONY = all
# makefile (from `Makefile', line 30)
COMMAND_SRC = init_command 
# environment
VSCODE_CWD = /
# environment
Apple_PubSub_Socket_Render = /private/tmp/com.apple.launchd.tgE2JmUGvT/Render
# environment
PATH = /Users/yoonslee/.brew/bin:/Users/yoonslee/.brew/bin:/Users/yoonslee/.brew/bin:/usr/local/bin:/usr/bin:/bin:/usr/sbin:/sbin:/usr/local/munki
# environment
ELECTRON_RUN_AS_NODE = 1
# default
.FEATURES := target-specific order-only second-expansion else-if archives jobserver check-symlink
# environment
SSH_AUTH_SOCK = /private/tmp/com.apple.launchd.LvUVFeQGd7/Listeners
# automatic
%F = $(notdir $%)
# makefile (from `Makefile', line 19)
HASHMAP_SRC = add_hashmap clear_hashmap utils_hashmap
# makefile (from `Makefile', line 36)
COMMAND_PRE = $(addprefix ./src/command/, $(COMMAND_SRC))
# environment
PWD = /Users/yoonslee/Desktop/minishell
# environment
ORIGINAL_XDG_CURRENT_DESKTOP = undefined
# makefile (from `Makefile', line 37)
COMMAND_SUFF = $(addsuffix .c, $(COMMAND_PRE))
# environment
VSCODE_AMD_ENTRYPOINT = vs/workbench/api/node/extensionHostProcess
# environment
HOME = /Users/yoonslee
# default
MAKEFILEPATH := /Applications/Xcode.app/Contents/Developer/Makefiles
# environment
VSCODE_CODE_CACHE_PATH = /Users/yoonslee/Library/Application Support/Code/CachedData/704ed70d4fd1c6bd6342c436f1ede30d1cff4710
# environment
LOGNAME = yoonslee
# environment
APPLICATION_INSIGHTS_NO_DIAGNOSTIC_CHANNEL = 1
# environment
VSCODE_HANDLES_UNCAUGHT_ERRORS = true
# automatic
^D = $(patsubst %/,%,$(dir $^))
# environment
XPC_FLAGS = 0x0
# default
MAKE = $(MAKE_COMMAND)
# default
MAKECMDGOALS := all
# environment
SHLVL = 1
# makefile (from `Makefile', line 17)
BUILD_FLAGS = -Wall -Wextra -Werror -g
# environment
VSCODE_CRASH_REPORTER_SANDBOXED_HINT = 1
# default
MAKE_VERSION := 3.81
# environment
USER = yoonslee
# makefile
.DEFAULT_GOAL := all
# makefile (from `Makefile', line 14)
NAME = minishell
# automatic
%D = $(patsubst %/,%,$(dir $%))
# makefile (from `Makefile', line 23)
ENV_SRC = init env
# default
MAKE_COMMAND := /Applications/Xcode.app/Contents/Developer/usr/bin/make
# default
.VARIABLES := 
# environment
TMPDIR = /var/folders/zz/zyxvpxvq6csfxvn_n0000mww000577/T/
# automatic
*F = $(notdir $*)
# environment
VSCODE_IPC_HOOK = /Users/yoonslee/Library/Application Support/Code/1.77-main.sock
# makefile (from `Makefile', line 33)
HASHMAP_SUFF = $(addsuffix .c, $(HASHMAP_PRE))
# environment
MallocNanoZone = 0
# makefile
MAKEFLAGS = Rrqp
# environment
MFLAGS = -Rrqp
# automatic
*D = $(patsubst %/,%,$(dir $*))
# environment
XPC_SERVICE_NAME = com.apple.xpc.launchd.oneshot.0x10000002.Electron
# automatic
+D = $(patsubst %/,%,$(dir $+))
# automatic
+F = $(notdir $+)
# environment
__CF_USER_TEXT_ENCODING = 0x14E7:0x0:0x0
# environment
COMMAND_MODE = unix2003
# default
MAKEFILES := 
# automatic
<F = $(notdir $<)
# makefile (from `Makefile', line 15)
LIBFT_PATH = ./libft
# environment
LC_ALL = C
# makefile (from `Makefile', line 32)
HASHMAP_PRE = $(addprefix ./src/hashmap/, $(HASHMAP_SRC))
# environment
SECURITYSESSIONID = 186a7
# automatic
^F = $(notdir $^)
# default
SUFFIXES := 
# makefile (from `Makefile', line 34)
ENV_PRE = $(addprefix ./src/env/, $(ENV_SRC))
# makefile (from `Makefile', line 39)
HSUFF = $(addsuffix .h, $(HPRE))
# default
.INCLUDE_DIRS = /usr/local/include
# makefile (from `Makefile', line 26)
H_FILES = hashmap env minishell
# environment
MAKELEVEL := 0
# makefile (from `Makefile', line 35)
ENV_SUFF = $(addsuffix .c, $(ENV_PRE))
# environment
LANG = C
# environment
VSCODE_PID = 52044
# variable set hash-table stats:
# Load=77/1024=8%, Rehash=0, Collisions=2/103=2%

# Pattern-specific Variable Values

# No pattern-specific variable values.

# Directories

# . (device 16777227, inode 1587445): 14 files, no impossibilities.

# 14 files, no impossibilities in 1 directories.

# Implicit Rules

# No implicit rules.

# Files

all: minishell
#  Command-line target.
#  Implicit rule search has been done.
#  File does not exist.
#  File has been updated.
#  Successfully updated.
# variable set hash-table stats:
# Load=0/32=0%, Rehash=0, Collisions=0/0=0%

.PHONY: clean fclean re
#  Implicit rule search has not been done.
#  Modification time never checked.
#  File has not been updated.

# Not a target:
.SUFFIXES:
#  Implicit rule search has not been done.
#  Modification time never checked.
 
#  File has not been updated.

# Not a target:
Makefile:
#  Implicit rule search has been done.
#  Last modified 2023-07-17 09:26:48
#  File has been updated.
#  Successfully updated.
# variable set hash-table stats:
# Load=0/32=0%, Rehash=0, Collisions=0/0=0%

minishell:
#  Implicit rule search has not been done.
#  Last modified 2023-07-17 09:26:52
#  File has been updated.
#  Successfully updated.
#  commands to execute (from `Makefile', line 45):
	make -C $(LIBFT_PATH)
	cc $(BUILD_FLAGS) $(HASHMAP_SUFF) $(ENV_SUFF) $(COMMAND_SUFF) -lreadline ./src/command_handler.c main.c \
	-L $(LIBFT_PATH) -lft -o $(NAME)
	

fclean: clean
#  Phony target (prerequisite of .PHONY).
#  Implicit rule search has not been done.
#  File does not exist.
#  File has not been updated.
#  commands to execute (from `Makefile', line 56):
	make clean -C $(LIBFT_PATH)
	rm -f $(NAME)
	

# Not a target:
.DEFAULT:
#  Implicit rule search has not been done.
#  Modification time never checked.
#  File has not been updated.

re: fclean all
#  Phony target (prerequisite of .PHONY).
#  Implicit rule search has not been done.
#  File does not exist.
#  File has not been updated.

clean:
#  Phony target (prerequisite of .PHONY).
#  Implicit rule search has not been done.
#  File does not exist.
#  File has not been updated.
#  commands to execute (from `Makefile', line 51):
	make fclean -C $(LIBFT_PATH)
	rm -f $(SRCSO)
	

# files hash-table stats:
# Load=9/1024=1%, Rehash=0, Collisions=0/31=0%
# VPATH Search Paths

# No `vpath' search paths.

# No general (`VPATH' variable) search path.

# # of strings in strcache: 1
# # of strcache buffers: 1
# strcache size: total = 4096 / max = 4096 / min = 4096 / avg = 4096
# strcache free: total = 4087 / max = 4087 / min = 4087 / avg = 4087

# Finished Make data base on Mon Jul 17 09:27:07 2023

 
